Build started 2020/11/19 下午 11:53:53.
     1>Project "C:\Users\Lab105\Desktop\MCTSS\test\OOGex\OOGex.vcxproj" on node 2 (Build target(s)).
     1>ClCompile:
         C:\Program Files (x86)\Microsoft Visual Studio 12.0\VC\bin\CL.exe /c /ZI /nologo /W3 /WX- /sdl /Od /Oy- /D WIN32 /D _DEBUG /D _CONSOLE /D _LIB /D _UNICODE /D UNICODE /Gm /EHsc /RTC1 /MDd /GS /fp:precise /Zc:wchar_t /Zc:forScope /Yc"stdafx.h" /Fp"Debug\MCTSS.pch" /Fo"Debug\\" /Fd"Debug\vc120.pdb" /Gd /TP /analyze- /errorReport:prompt stdafx.cpp
         stdafx.cpp
         C:\Program Files (x86)\Microsoft Visual Studio 12.0\VC\bin\CL.exe /c /ZI /nologo /W3 /WX- /sdl /Od /Oy- /D WIN32 /D _DEBUG /D _CONSOLE /D _LIB /D _UNICODE /D UNICODE /Gm /EHsc /RTC1 /MDd /GS /fp:precise /Zc:wchar_t /Zc:forScope /Yu"stdafx.h" /Fp"Debug\MCTSS.pch" /Fo"Debug\\" /Fd"Debug\vc120.pdb" /Gd /TP /analyze- /errorReport:prompt game.cpp mcts.cpp mctss.cpp OOGex.cpp
         OOGex.cpp
         mctss.cpp
         mcts.cpp
         game.cpp
         Generating Code...
       Link:
         C:\Program Files (x86)\Microsoft Visual Studio 12.0\VC\bin\link.exe /ERRORREPORT:PROMPT /OUT:"C:\Users\Lab105\Desktop\MCTSS\test\OOGex\Debug\MCTSS.exe" /INCREMENTAL /NOLOGO kernel32.lib user32.lib gdi32.lib winspool.lib comdlg32.lib advapi32.lib shell32.lib ole32.lib oleaut32.lib uuid.lib odbc32.lib odbccp32.lib /MANIFEST /MANIFESTUAC:"level='asInvoker' uiAccess='false'" /manifest:embed /DEBUG /PDB:"C:\Users\Lab105\Desktop\MCTSS\test\OOGex\Debug\MCTSS.pdb" /SUBSYSTEM:CONSOLE /TLBID:1 /DYNAMICBASE /NXCOMPAT /IMPLIB:"C:\Users\Lab105\Desktop\MCTSS\test\OOGex\Debug\MCTSS.lib" /MACHINE:X86 Debug\game.obj
         Debug\mcts.obj
         Debug\mctss.obj
         Debug\OOGex.obj
         Debug\stdafx.obj
         OOGex.vcxproj -> C:\Users\Lab105\Desktop\MCTSS\test\OOGex\Debug\MCTSS.exe
     1>Done Building Project "C:\Users\Lab105\Desktop\MCTSS\test\OOGex\OOGex.vcxproj" (Build target(s)).

Build succeeded.

Time Elapsed 00:00:01.53
